<?xml version="1.0" encoding="UTF-8"?>
<!-- Generated by org.testng.reporters.JUnitReportReporter -->
<testsuite skipped="0" hostname="ojt12-PC" name="DriverFactory.AppTest" tests="1" failures="0" timestamp="7 Jan 2020 13:04:28 GMT" time="1.015" errors="0">
  <testcase name="startTest" time="1.015" classname="DriverFactory.AppTest"/>
</testsuite> <!-- DriverFactory.AppTest -->
